INFO:root:ef_pu_prf_env_min
INFO:root:0.00291439522722
INFO:root:ef_pu_prf_lim_min
INFO:root:-0.177158595356
INFO:root:1
INFO:root:ef_pu_prf_env_min
INFO:root:0.00111831407694
INFO:root:ef_pu_prf_lim_min
INFO:root:-0.0601262408107
INFO:root:2
INFO:root:ef_pu_prf_env_min
INFO:root:0.000588663742663
INFO:root:ef_pu_prf_lim_min
INFO:root:-0.0507888637286
INFO:root:3
INFO:root:ef_pu_prf_env_min
INFO:root:0.000190796942042
INFO:root:ef_pu_prf_lim_min
INFO:root:-0.0830637374139
INFO:root:4
INFO:root:ef_pu_prf_env_min
INFO:root:-0.000498948390756
INFO:root:ef_pu_prf_lim_min
INFO:root:-0.0501766391634
INFO:root:5
INFO:root:ef_pu_prf_env_min
INFO:root:-0.000756439745195
INFO:root:ef_pu_prf_lim_min
INFO:root:-0.0522664336612
INFO:root:6
INFO:root:ef_pu_prf_env_min
INFO:root:-0.00108526225628
INFO:root:ef_pu_prf_lim_min
INFO:root:-1.0
INFO:root:7
INFO:root:ef_pu_prf_env_min
INFO:root:0.00291439522722
INFO:root:ef_pu_prf_lim_min
INFO:root:-0.177158595356
INFO:root:1
INFO:root:ef_pu_prf_env_min
INFO:root:0.00111831407694
INFO:root:ef_pu_prf_lim_min
INFO:root:-0.0601262408107
INFO:root:2
INFO:root:ef_pu_prf_env_min
INFO:root:0.000588663742663
INFO:root:ef_pu_prf_lim_min
INFO:root:-0.0507888637286
INFO:root:3
INFO:root:ef_pu_prf_env_min
INFO:root:0.000190796942042
INFO:root:ef_pu_prf_lim_min
INFO:root:-0.0830637374139
INFO:root:4
INFO:root:ef_pu_prf_env_min
INFO:root:-0.000498948390756
INFO:root:ef_pu_prf_lim_min
INFO:root:-0.0501766391634
INFO:root:5
INFO:root:ef_pu_prf_env_min
INFO:root:-0.000756439745195
INFO:root:ef_pu_prf_lim_min
INFO:root:-0.0522664336612
INFO:root:6
INFO:root:ef_pu_prf_env_min
INFO:root:-0.00108526225628
INFO:root:ef_pu_prf_lim_min
INFO:root:-1.0
INFO:root:7
